[2020-03-05 11:16:13,210] [autoreload.py:598] [autoreload:run_with_reloader] [INFO]- Watching for file changes with StatReloader
[2020-03-05 11:16:28,288] [basehttp.py:157] [basehttp:log_message] [INFO]- "GET / HTTP/1.1" 200 189535
[2020-03-05 11:16:28,351] [basehttp.py:157] [basehttp:log_message] [INFO]- "GET /static/assets/css/bootstrap.css HTTP/1.1" 200 126261
[2020-03-05 11:16:28,363] [basehttp.py:157] [basehttp:log_message] [INFO]- "GET /static/assets/css/font-awesome.css HTTP/1.1" 200 21531
[2020-03-05 11:16:28,375] [basehttp.py:157] [basehttp:log_message] [INFO]- "GET /static/assets/css/custom-styles.css HTTP/1.1" 200 7532
[2020-03-05 11:16:28,385] [basehttp.py:157] [basehttp:log_message] [INFO]- "GET /static/assets/js/dataTables/dataTables.bootstrap.css HTTP/1.1" 200 5178
[2020-03-05 11:16:28,891] [basehttp.py:157] [basehttp:log_message] [INFO]- "GET /static/assets/js/jquery.metisMenu.js HTTP/1.1" 200 1386
[2020-03-05 11:16:28,892] [basehttp.py:157] [basehttp:log_message] [INFO]- "GET /static/assets/js/bootstrap.min.js HTTP/1.1" 200 29097
[2020-03-05 11:16:28,905] [basehttp.py:157] [basehttp:log_message] [INFO]- "GET /static/assets/js/jquery-1.10.2.js HTTP/1.1" 200 293285
[2020-03-05 11:16:28,921] [basehttp.py:157] [basehttp:log_message] [INFO]- "GET /static/assets/js/dataTables/jquery.dataTables.js HTTP/1.1" 200 423608
[2020-03-05 11:16:28,933] [basehttp.py:157] [basehttp:log_message] [INFO]- "GET /static/assets/js/dataTables/dataTables.bootstrap.js HTTP/1.1" 200 9614
[2020-03-05 11:16:28,937] [basehttp.py:157] [basehttp:log_message] [INFO]- "GET /static/assets/font-awesome/fonts/fontawesome-webfontba72.woff?v=4.0.3 HTTP/1.1" 200 44432
[2020-03-05 11:16:28,940] [basehttp.py:157] [basehttp:log_message] [INFO]- "GET /static/assets/js/custom-scripts.js HTTP/1.1" 200 5909
[2020-03-05 11:16:30,131] [basehttp.py:157] [basehttp:log_message] [INFO]- "GET /static/assets/js/images/sort_both.png HTTP/1.1" 200 201
[2020-03-05 11:16:30,354] [basehttp.py:157] [basehttp:log_message] [INFO]- "GET /static/assets/js/images/sort_asc.png HTTP/1.1" 200 160
[2020-03-05 11:16:31,740] [basehttp.py:157] [basehttp:log_message] [INFO]- "GET /acmerdata/addstudent HTTP/1.1" 200 15798
[2020-03-05 11:17:46,870] [autoreload.py:222] [autoreload:trigger_reload] [INFO]- E:\刘勇团队文件\项目相关\程序代码\PY-2020-ACM\mycode\acmer\trunk\acmerdata\forms.py changed, reloading.
[2020-03-05 11:17:49,226] [autoreload.py:598] [autoreload:run_with_reloader] [INFO]- Watching for file changes with StatReloader
[2020-03-05 11:17:58,355] [basehttp.py:157] [basehttp:log_message] [INFO]- "GET /acmerdata/addstudent HTTP/1.1" 200 15796
[2020-03-05 11:17:58,573] [basehttp.py:157] [basehttp:log_message] [INFO]- "GET /static/favicon.ico HTTP/1.1" 200 41229
[2020-03-05 11:18:08,088] [basehttp.py:157] [basehttp:log_message] [INFO]- "GET /acmerdata/addstudent HTTP/1.1" 200 15796
[2020-03-05 11:18:08,211] [basehttp.py:157] [basehttp:log_message] [INFO]- "GET /static/favicon.ico HTTP/1.1" 200 41229
[2020-03-05 11:19:17,584] [basehttp.py:157] [basehttp:log_message] [INFO]- "GET /acmerdata/addstudent HTTP/1.1" 200 16447
[2020-03-05 11:19:17,766] [basehttp.py:157] [basehttp:log_message] [INFO]- "GET /static/favicon.ico HTTP/1.1" 200 41229
[2020-03-05 11:20:41,021] [basehttp.py:157] [basehttp:log_message] [INFO]- "GET /acmerdata/addstudent HTTP/1.1" 200 16611
[2020-03-05 11:20:41,241] [basehttp.py:157] [basehttp:log_message] [INFO]- "GET /static/favicon.ico HTTP/1.1" 200 41229
[2020-03-05 11:21:03,147] [basehttp.py:157] [basehttp:log_message] [INFO]- "GET /acmerdata/addstudent HTTP/1.1" 200 15960
[2020-03-05 11:21:03,428] [basehttp.py:157] [basehttp:log_message] [INFO]- "GET /static/favicon.ico HTTP/1.1" 200 41229
[2020-03-05 11:21:54,207] [basehttp.py:157] [basehttp:log_message] [INFO]- "GET /acmerdata/addstudent HTTP/1.1" 200 16068
[2020-03-05 11:21:54,397] [basehttp.py:157] [basehttp:log_message] [INFO]- "GET /static/favicon.ico HTTP/1.1" 200 41229
[2020-03-05 11:22:48,324] [autoreload.py:222] [autoreload:trigger_reload] [INFO]- E:\刘勇团队文件\项目相关\程序代码\PY-2020-ACM\mycode\acmer\trunk\acmerdata\forms.py changed, reloading.
[2020-03-05 11:22:51,457] [autoreload.py:598] [autoreload:run_with_reloader] [INFO]- Watching for file changes with StatReloader
[2020-03-05 11:22:53,137] [basehttp.py:157] [basehttp:log_message] [INFO]- "GET /acmerdata/addstudent HTTP/1.1" 200 16305
[2020-03-05 11:22:53,589] [basehttp.py:157] [basehttp:log_message] [INFO]- "GET /static/favicon.ico HTTP/1.1" 200 41229
[2020-03-05 11:23:13,069] [autoreload.py:222] [autoreload:trigger_reload] [INFO]- E:\刘勇团队文件\项目相关\程序代码\PY-2020-ACM\mycode\acmer\trunk\acmerdata\forms.py changed, reloading.
[2020-03-05 11:23:15,643] [autoreload.py:598] [autoreload:run_with_reloader] [INFO]- Watching for file changes with StatReloader
[2020-03-05 11:23:19,338] [basehttp.py:157] [basehttp:log_message] [INFO]- "GET /acmerdata/addstudent HTTP/1.1" 200 16068
[2020-03-05 11:23:19,508] [basehttp.py:157] [basehttp:log_message] [INFO]- "GET /static/favicon.ico HTTP/1.1" 200 41229
[2020-03-05 11:24:29,186] [autoreload.py:222] [autoreload:trigger_reload] [INFO]- E:\刘勇团队文件\项目相关\程序代码\PY-2020-ACM\mycode\acmer\trunk\acmerdata\forms.py changed, reloading.
[2020-03-05 11:24:31,976] [autoreload.py:598] [autoreload:run_with_reloader] [INFO]- Watching for file changes with StatReloader
[2020-03-05 11:25:38,415] [basehttp.py:157] [basehttp:log_message] [INFO]- "GET /acmerdata/addstudent HTTP/1.1" 200 16077
[2020-03-05 11:25:38,684] [basehttp.py:157] [basehttp:log_message] [INFO]- "GET /static/favicon.ico HTTP/1.1" 200 41229
[2020-03-05 11:38:29,471] [autoreload.py:222] [autoreload:trigger_reload] [INFO]- E:\刘勇团队文件\项目相关\程序代码\PY-2020-ACM\mycode\acmer\trunk\acmerdata\models.py changed, reloading.
[2020-03-05 11:38:32,650] [autoreload.py:598] [autoreload:run_with_reloader] [INFO]- Watching for file changes with StatReloader
[2020-03-05 11:38:41,920] [basehttp.py:157] [basehttp:log_message] [INFO]- "GET /acmerdata/addstudent HTTP/1.1" 200 16064
[2020-03-05 11:38:42,274] [basehttp.py:157] [basehttp:log_message] [INFO]- "GET /static/favicon.ico HTTP/1.1" 200 41229
[2020-03-05 11:40:59,260] [autoreload.py:222] [autoreload:trigger_reload] [INFO]- E:\刘勇团队文件\项目相关\程序代码\PY-2020-ACM\mycode\acmer\trunk\acmerdata\forms.py changed, reloading.
[2020-03-05 11:41:01,635] [autoreload.py:598] [autoreload:run_with_reloader] [INFO]- Watching for file changes with StatReloader
[2020-03-05 11:41:15,881] [basehttp.py:157] [basehttp:log_message] [INFO]- "GET /acmerdata/addstudent HTTP/1.1" 200 16032
[2020-03-05 11:41:16,094] [basehttp.py:157] [basehttp:log_message] [INFO]- "GET /static/favicon.ico HTTP/1.1" 200 41229
[2020-03-05 11:57:26,957] [basehttp.py:157] [basehttp:log_message] [INFO]- "GET /acmerdata/addstudent HTTP/1.1" 200 18984
[2020-03-05 11:57:27,247] [basehttp.py:157] [basehttp:log_message] [INFO]- "GET /static/favicon.ico HTTP/1.1" 200 41229
[2020-03-05 11:57:36,842] [basehttp.py:157] [basehttp:log_message] [INFO]- "GET /acmerdata/addstudent HTTP/1.1" 200 18984
[2020-03-05 11:57:37,056] [basehttp.py:157] [basehttp:log_message] [INFO]- "GET /static/favicon.ico HTTP/1.1" 200 41229
[2020-03-05 11:57:58,145] [autoreload.py:222] [autoreload:trigger_reload] [INFO]- E:\刘勇团队文件\项目相关\程序代码\PY-2020-ACM\mycode\acmer\trunk\acmerdata\forms.py changed, reloading.
[2020-03-05 11:58:00,894] [autoreload.py:598] [autoreload:run_with_reloader] [INFO]- Watching for file changes with StatReloader
[2020-03-05 11:58:10,129] [basehttp.py:157] [basehttp:log_message] [INFO]- "GET /acmerdata/addstudent HTTP/1.1" 200 18978
[2020-03-05 11:58:10,455] [basehttp.py:157] [basehttp:log_message] [INFO]- "GET /static/favicon.ico HTTP/1.1" 200 41229
[2020-03-05 11:59:25,060] [basehttp.py:157] [basehttp:log_message] [INFO]- "GET /acmerdata/addstudent HTTP/1.1" 200 19122
[2020-03-05 11:59:25,481] [basehttp.py:157] [basehttp:log_message] [INFO]- "GET /static/favicon.ico HTTP/1.1" 200 41229
[2020-03-05 11:59:52,829] [basehttp.py:157] [basehttp:log_message] [INFO]- "GET /acmerdata/addstudent HTTP/1.1" 200 19194
[2020-03-05 11:59:53,054] [basehttp.py:157] [basehttp:log_message] [INFO]- "GET /static/favicon.ico HTTP/1.1" 200 41229
[2020-03-05 12:01:48,238] [basehttp.py:157] [basehttp:log_message] [INFO]- "GET /acmerdata/addstudent HTTP/1.1" 200 19106
[2020-03-05 12:01:48,500] [basehttp.py:157] [basehttp:log_message] [INFO]- "GET /static/favicon.ico HTTP/1.1" 200 41229
[2020-03-05 12:02:37,563] [basehttp.py:157] [basehttp:log_message] [INFO]- "GET /acmerdata/addstudent HTTP/1.1" 200 19240
[2020-03-05 12:02:37,853] [basehttp.py:157] [basehttp:log_message] [INFO]- "GET /static/favicon.ico HTTP/1.1" 200 41229
[2020-03-05 12:03:02,764] [basehttp.py:157] [basehttp:log_message] [INFO]- "GET /acmerdata/addstudent HTTP/1.1" 200 19249
[2020-03-05 12:03:03,031] [basehttp.py:157] [basehttp:log_message] [INFO]- "GET /static/favicon.ico HTTP/1.1" 200 41229
[2020-03-05 12:04:00,833] [basehttp.py:157] [basehttp:log_message] [INFO]- "GET /acmerdata/addstudent HTTP/1.1" 200 19293
[2020-03-05 12:04:01,094] [basehttp.py:157] [basehttp:log_message] [INFO]- "GET /static/favicon.ico HTTP/1.1" 200 41229
[2020-03-05 12:04:50,546] [basehttp.py:157] [basehttp:log_message] [INFO]- "GET /acmerdata/addstudent HTTP/1.1" 200 19219
[2020-03-05 12:04:50,838] [basehttp.py:157] [basehttp:log_message] [INFO]- "GET /static/favicon.ico HTTP/1.1" 200 41229
[2020-03-05 12:05:48,608] [basehttp.py:157] [basehttp:log_message] [INFO]- "GET /acmerdata/addstudent HTTP/1.1" 200 19168
[2020-03-05 12:05:48,880] [basehttp.py:157] [basehttp:log_message] [INFO]- "GET /static/favicon.ico HTTP/1.1" 200 41229
[2020-03-05 12:06:29,722] [basehttp.py:157] [basehttp:log_message] [INFO]- "GET /acmerdata/addstudent HTTP/1.1" 200 19168
[2020-03-05 12:06:30,000] [basehttp.py:157] [basehttp:log_message] [INFO]- "GET /static/favicon.ico HTTP/1.1" 200 41229
[2020-03-05 12:06:42,390] [basehttp.py:157] [basehttp:log_message] [INFO]- "GET /acmerdata/addstudent HTTP/1.1" 200 19168
[2020-03-05 12:06:42,594] [basehttp.py:157] [basehttp:log_message] [INFO]- "GET /static/favicon.ico HTTP/1.1" 200 41229
[2020-03-05 12:06:56,662] [basehttp.py:157] [basehttp:log_message] [INFO]- "GET /acmerdata/addstudent HTTP/1.1" 200 19168
[2020-03-05 12:06:56,892] [basehttp.py:157] [basehttp:log_message] [INFO]- "GET /static/favicon.ico HTTP/1.1" 200 41229
[2020-03-05 12:07:10,457] [basehttp.py:157] [basehttp:log_message] [INFO]- "GET /acmerdata/addstudent HTTP/1.1" 200 19168
[2020-03-05 12:07:10,716] [basehttp.py:157] [basehttp:log_message] [INFO]- "GET /static/favicon.ico HTTP/1.1" 200 41229
[2020-03-05 12:07:17,371] [basehttp.py:157] [basehttp:log_message] [INFO]- "GET /acmerdata/addstudentslist HTTP/1.1" 200 17991
[2020-03-05 12:07:38,670] [basehttp.py:157] [basehttp:log_message] [INFO]- "GET /acmerdata/addstudent HTTP/1.1" 200 19108
[2020-03-05 12:07:39,030] [basehttp.py:157] [basehttp:log_message] [INFO]- "GET /static/favicon.ico HTTP/1.1" 200 41229
[2020-03-05 12:08:54,361] [basehttp.py:157] [basehttp:log_message] [INFO]- "GET /acmerdata/addstudent HTTP/1.1" 200 19293
[2020-03-05 12:08:54,605] [basehttp.py:157] [basehttp:log_message] [INFO]- "GET /static/favicon.ico HTTP/1.1" 200 41229
[2020-03-05 12:09:17,954] [basehttp.py:157] [basehttp:log_message] [INFO]- "GET /acmerdata/addstudent HTTP/1.1" 200 19302
[2020-03-05 12:09:18,174] [basehttp.py:157] [basehttp:log_message] [INFO]- "GET /static/favicon.ico HTTP/1.1" 200 41229
[2020-03-05 12:09:25,791] [basehttp.py:157] [basehttp:log_message] [INFO]- "GET /acmerdata/addstudent HTTP/1.1" 200 19264
[2020-03-05 12:09:26,086] [basehttp.py:157] [basehttp:log_message] [INFO]- "GET /static/favicon.ico HTTP/1.1" 200 41229
[2020-03-05 12:09:38,264] [basehttp.py:157] [basehttp:log_message] [INFO]- "GET /acmerdata/addstudent HTTP/1.1" 200 19297
[2020-03-05 12:09:38,453] [basehttp.py:157] [basehttp:log_message] [INFO]- "GET /static/favicon.ico HTTP/1.1" 200 41229
[2020-03-05 12:09:48,366] [basehttp.py:157] [basehttp:log_message] [INFO]- "GET /acmerdata/addstudent HTTP/1.1" 200 19067
[2020-03-05 12:09:48,626] [basehttp.py:157] [basehttp:log_message] [INFO]- "GET /static/favicon.ico HTTP/1.1" 200 41229
[2020-03-05 12:10:15,585] [basehttp.py:157] [basehttp:log_message] [INFO]- "GET /acmerdata/addstudent HTTP/1.1" 200 19298
[2020-03-05 12:10:15,825] [basehttp.py:157] [basehttp:log_message] [INFO]- "GET /static/favicon.ico HTTP/1.1" 200 41229
[2020-03-05 12:11:42,646] [basehttp.py:157] [basehttp:log_message] [INFO]- "GET /acmerdata/addstudent HTTP/1.1" 200 19325
[2020-03-05 12:11:42,997] [basehttp.py:157] [basehttp:log_message] [INFO]- "GET /static/favicon.ico HTTP/1.1" 200 41229
[2020-03-05 12:12:03,069] [basehttp.py:157] [basehttp:log_message] [INFO]- "GET /acmerdata/addstudent HTTP/1.1" 200 19565
[2020-03-05 12:12:03,319] [basehttp.py:157] [basehttp:log_message] [INFO]- "GET /static/favicon.ico HTTP/1.1" 200 41229
[2020-03-05 12:12:11,767] [basehttp.py:157] [basehttp:log_message] [INFO]- "GET /acmerdata/addstudent HTTP/1.1" 200 19397
[2020-03-05 12:12:12,062] [basehttp.py:157] [basehttp:log_message] [INFO]- "GET /static/favicon.ico HTTP/1.1" 200 41229
[2020-03-05 12:12:21,904] [basehttp.py:157] [basehttp:log_message] [INFO]- "GET /acmerdata/addstudent HTTP/1.1" 200 19493
[2020-03-05 12:12:22,153] [basehttp.py:157] [basehttp:log_message] [INFO]- "GET /static/favicon.ico HTTP/1.1" 200 41229
[2020-03-05 12:12:32,255] [basehttp.py:157] [basehttp:log_message] [INFO]- "GET /acmerdata/addstudent HTTP/1.1" 200 19325
[2020-03-05 12:12:32,546] [basehttp.py:157] [basehttp:log_message] [INFO]- "GET /static/favicon.ico HTTP/1.1" 200 41229
[2020-03-05 12:13:12,334] [basehttp.py:157] [basehttp:log_message] [INFO]- "GET /acmerdata/addstudent HTTP/1.1" 200 19336
[2020-03-05 12:13:12,626] [basehttp.py:157] [basehttp:log_message] [INFO]- "GET /static/favicon.ico HTTP/1.1" 200 41229
[2020-03-05 12:13:31,783] [basehttp.py:157] [basehttp:log_message] [INFO]- "GET /acmerdata/addstudentslist HTTP/1.1" 200 17991
